Performing C SOURCE FILE Test CMAKE_HAVE_LIBC_PTHREAD failed with the following output:
Change Dir: /home/daniel/CLionProjects/ukf/cmake-build-debug/CMakeFiles/CMakeTmp

Run Build Command(s):/home/daniel/clion-2022.1.3/bin/ninja/linux/ninja cmTC_0b260 && [1/2] Building C object CMakeFiles/cmTC_0b260.dir/src.c.o
[2/2] Linking C executable cmTC_0b260
FAILED: cmTC_0b260 
: && /usr/bin/cc   CMakeFiles/cmTC_0b260.dir/src.c.o -o cmTC_0b260   && :
/usr/bin/ld: CMakeFiles/cmTC_0b260.dir/src.c.o: in function `main':
src.c:(.text+0x46): undefined reference to `pthread_create'
/usr/bin/ld: src.c:(.text+0x52): undefined reference to `pthread_detach'
/usr/bin/ld: src.c:(.text+0x5e): undefined reference to `pthread_cancel'
/usr/bin/ld: src.c:(.text+0x6f): undefined reference to `pthread_join'
collect2: error: ld returned 1 exit status
ninja: build stopped: subcommand failed.


Source file was:
#include <pthread.h>

static void* test_func(void* data)
{
  return data;
}

int main(void)
{
  pthread_t thread;
  pthread_create(&thread, NULL, test_func, NULL);
  pthread_detach(thread);
  pthread_cancel(thread);
  pthread_join(thread, NULL);
  pthread_atfork(NULL, NULL, NULL);
  pthread_exit(NULL);

  return 0;
}

Determining if the function pthread_create exists in the pthreads failed with the following output:
Change Dir: /home/daniel/CLionProjects/ukf/cmake-build-debug/CMakeFiles/CMakeTmp

Run Build Command(s):/home/daniel/clion-2022.1.3/bin/ninja/linux/ninja cmTC_60519 && [1/2] Building C object CMakeFiles/cmTC_60519.dir/CheckFunctionExists.c.o
[2/2] Linking C executable cmTC_60519
FAILED: cmTC_60519 
: && /usr/bin/cc -DCHECK_FUNCTION_EXISTS=pthread_create  CMakeFiles/cmTC_60519.dir/CheckFunctionExists.c.o -o cmTC_60519  -lpthreads && :
/usr/bin/ld: cannot find -lpthreads
collect2: error: ld returned 1 exit status
ninja: build stopped: subcommand failed.



